<?xml version="1.0" encoding="UTF-8"?>
<testng-results ignored="0" total="1" passed="1" failed="0" skipped="0">
  <reporter-output>
  </reporter-output>
  <suite started-at="2019-12-28T22:11:31 IST" name="Default suite" finished-at="2019-12-28T22:11:45 IST" duration-ms="13491">
    <groups>
    </groups>
    <test started-at="2019-12-28T22:11:31 IST" name="Default test" finished-at="2019-12-28T22:11:45 IST" duration-ms="13491">
      <class name="com.scripts.QAClickAcademy">
        <test-method is-config="true" signature="test()[pri:0, instance:com.scripts.QAClickAcademy@38c6f217]" started-at="2019-12-28T22:11:31 IST" name="test" finished-at="2019-12-28T22:11:31 IST" duration-ms="9" status="PASS">
          <reporter-output>
          </reporter-output>
        </test-method> <!-- test -->
        <test-method is-config="true" signature="beforeMethod()[pri:0, instance:com.scripts.QAClickAcademy@38c6f217]" started-at="2019-12-28T22:11:31 IST" name="beforeMethod" finished-at="2019-12-28T22:11:44 IST" duration-ms="12753" status="PASS">
          <reporter-output>
          </reporter-output>
        </test-method> <!-- beforeMethod -->
        <test-method signature="webTable()[pri:0, instance:com.scripts.QAClickAcademy@38c6f217]" started-at="2019-12-28T22:11:44 IST" name="webTable" finished-at="2019-12-28T22:11:44 IST" duration-ms="55" status="PASS">
          <reporter-output>
          </reporter-output>
        </test-method> <!-- webTable -->
        <test-method is-config="true" signature="tearDown()[pri:0, instance:com.scripts.QAClickAcademy@38c6f217]" started-at="2019-12-28T22:11:44 IST" name="tearDown" finished-at="2019-12-28T22:11:45 IST" duration-ms="650" status="PASS">
          <reporter-output>
          </reporter-output>
        </test-method> <!-- tearDown -->
      </class> <!-- com.scripts.QAClickAcademy -->
    </test> <!-- Default test -->
  </suite> <!-- Default suite -->
</testng-results>
